<?xml version="1.0" encoding="UTF-8"?>
<testng-results skipped="0" failed="0" ignored="0" total="1" passed="1">
  <reporter-output>
  </reporter-output>
  <suite name="Default suite" duration-ms="7977" started-at="2020-02-20T06:00:08Z" finished-at="2020-02-20T06:00:16Z">
    <groups>
    </groups>
    <test name="Default test" duration-ms="7977" started-at="2020-02-20T06:00:08Z" finished-at="2020-02-20T06:00:16Z">
      <class name="gradledemo.basicTest">
        <test-method status="PASS" signature="key()[pri:0, instance:gradledemo.basicTest@d2cc05a]" name="key" duration-ms="7882" started-at="2020-02-20T11:30:08Z" finished-at="2020-02-20T11:30:16Z">
          <reporter-output>
          </reporter-output>
        </test-method> <!-- key -->
      </class> <!-- gradledemo.basicTest -->
    </test> <!-- Default test -->
  </suite> <!-- Default suite -->
</testng-results>
